Added Component: Designator=C1(CAPPR2-5x6.8)
Added Component: Designator=C2(CAPR2.54-5.1x3.2)
Added Component: Designator=C3(CAPR2.54-5.1x3.2)
Added Component: Designator=C4(CAPPR2-5x6.8)
Added Component: Designator=C5(CAPPR2-5x6.8)
Added Component: Designator=C6(CAPR2.54-5.1x3.2)
Added Component: Designator=C7(CAPPR2-5x6.8)
Added Component: Designator=C8(CAPPR2-5x6.8)
Added Component: Designator=C9(CAPPR2-5x6.8)
Added Component: Designator=C10(CAPR2.54-5.1x3.2)
Added Component: Designator=C11(CAPR2.54-5.1x3.2)
Added Component: Designator=C12(CAPR2.54-5.1x3.2)
Added Component: Designator=D1(ÕûÁũĮÅ)
Added Component: Designator=D2(ÕûÁũĮÅ)
Added Component: Designator=LM7805(TO254P1510-3_4N)
Added Component: Designator=LM7812(TO254P1510-3_4N)
Added Component: Designator=LM7905(TO254P1510-3_4N)
Added Component: Designator=LM7912(TO254P1510-3_4N)
Added Component: Designator=P1(HDR1X2)
Added Component: Designator=P2(HDR1X2)
Added Component: Designator=P3(HDR1X2)
Added Component: Designator=P4(HDR1X2)
Added Component: Designator=P5(HDR1X2)
Added Component: Designator=P6(HDR1X2)
Added Component: Designator=T1(TRF_6)
Added Pin To Net: NetName=+5V Pin=C1-1
Added Pin To Net: NetName=GND Pin=C1-2
Added Pin To Net: NetName=GND Pin=C2-1
Added Pin To Net: NetName=+12V Pin=C2-2
Added Pin To Net: NetName=GND Pin=C3-1
Added Pin To Net: NetName=+5V Pin=C3-2
Added Pin To Net: NetName=NetC4_1 Pin=C4-1
Added Pin To Net: NetName=GND Pin=C4-2
Added Pin To Net: NetName=+12V Pin=C5-1
Added Pin To Net: NetName=GND Pin=C5-2
Added Pin To Net: NetName=GND Pin=C6-1
Added Pin To Net: NetName=NetC4_1 Pin=C6-2
Added Pin To Net: NetName=GND Pin=C7-1
Added Pin To Net: NetName=NetC7_2 Pin=C7-2
Added Pin To Net: NetName=GND Pin=C8-1
Added Pin To Net: NetName=-12V Pin=C8-2
Added Pin To Net: NetName=GND Pin=C9-1
Added Pin To Net: NetName=-5V Pin=C9-2
Added Pin To Net: NetName=NetC7_2 Pin=C10-1
Added Pin To Net: NetName=GND Pin=C10-2
Added Pin To Net: NetName=-12V Pin=C11-1
Added Pin To Net: NetName=GND Pin=C11-2
Added Pin To Net: NetName=-5V Pin=C12-1
Added Pin To Net: NetName=GND Pin=C12-2
Added Pin To Net: NetName=NetC4_1 Pin=D1-1
Added Pin To Net: NetName=NetD1_2 Pin=D1-2
Added Pin To Net: NetName=GND Pin=D1-3
Added Pin To Net: NetName=NetD1_4 Pin=D1-4
Added Pin To Net: NetName=GND Pin=D2-1
Added Pin To Net: NetName=NetD2_2 Pin=D2-2
Added Pin To Net: NetName=NetC7_2 Pin=D2-3
Added Pin To Net: NetName=NetD2_4 Pin=D2-4
Added Pin To Net: NetName=+12V Pin=LM7805-1
Added Pin To Net: NetName=GND Pin=LM7805-2
Added Pin To Net: NetName=+5V Pin=LM7805-3
Added Pin To Net: NetName=NetC4_1 Pin=LM7812-1
Added Pin To Net: NetName=GND Pin=LM7812-2
Added Pin To Net: NetName=+12V Pin=LM7812-3
Added Pin To Net: NetName=-12V Pin=LM7905-1
Added Pin To Net: NetName=GND Pin=LM7905-2
Added Pin To Net: NetName=-5V Pin=LM7905-3
Added Pin To Net: NetName=NetC7_2 Pin=LM7912-1
Added Pin To Net: NetName=GND Pin=LM7912-2
Added Pin To Net: NetName=-12V Pin=LM7912-3
Added Pin To Net: NetName=+12V Pin=P1-1
Added Pin To Net: NetName=+12V Pin=P1-2
Added Pin To Net: NetName=+5V Pin=P2-1
Added Pin To Net: NetName=+5V Pin=P2-2
Added Pin To Net: NetName=NetP3_1 Pin=P3-1
Added Pin To Net: NetName=NetP3_2 Pin=P3-2
Added Pin To Net: NetName=GND Pin=P4-1
Added Pin To Net: NetName=GND Pin=P4-2
Added Pin To Net: NetName=-12V Pin=P5-1
Added Pin To Net: NetName=-12V Pin=P5-2
Added Pin To Net: NetName=-5V Pin=P6-1
Added Pin To Net: NetName=-5V Pin=P6-2
Added Pin To Net: NetName=NetP3_2 Pin=T1-1
Added Pin To Net: NetName=NetP3_1 Pin=T1-2
Added Pin To Net: NetName=NetD1_4 Pin=T1-3
Added Pin To Net: NetName=NetD1_2 Pin=T1-4
Added Pin To Net: NetName=NetD2_4 Pin=T1-5
Added Pin To Net: NetName=NetD2_2 Pin=T1-6
Added Member To Class: ClassName=ÎČŅđĩįÔī Member=Component C1 Cap Pol1
Added Member To Class: ClassName=ÎČŅđĩįÔī Member=Component C2 Cap
Added Member To Class: ClassName=ÎČŅđĩįÔī Member=Component C3 Cap
Added Member To Class: ClassName=ÎČŅđĩįÔī Member=Component C4 Cap Pol1
Added Member To Class: ClassName=ÎČŅđĩįÔī Member=Component C5 Cap Pol1
Added Member To Class: ClassName=ÎČŅđĩįÔī Member=Component C6 Cap
Added Member To Class: ClassName=ÎČŅđĩįÔī Member=Component C7 Cap Pol1
Added Member To Class: ClassName=ÎČŅđĩįÔī Member=Component C8 Cap Pol1
Added Member To Class: ClassName=ÎČŅđĩįÔī Member=Component C9 Cap Pol1
Added Member To Class: ClassName=ÎČŅđĩįÔī Member=Component C10 Cap
Added Member To Class: ClassName=ÎČŅđĩįÔī Member=Component C11 Cap
Added Member To Class: ClassName=ÎČŅđĩįÔī Member=Component C12 Cap
Added Member To Class: ClassName=ÎČŅđĩįÔī Member=Component D1 Bridge1
Added Member To Class: ClassName=ÎČŅđĩįÔī Member=Component D2 Bridge2
Added Member To Class: ClassName=ÎČŅđĩįÔī Member=Component LM7805 Volt Reg
Added Member To Class: ClassName=ÎČŅđĩįÔī Member=Component LM7812 Volt Reg
Added Member To Class: ClassName=ÎČŅđĩįÔī Member=Component LM7905 Volt Reg
Added Member To Class: ClassName=ÎČŅđĩįÔī Member=Component LM7912 Volt Reg
Added Member To Class: ClassName=ÎČŅđĩįÔī Member=Component P1 +12V
Added Member To Class: ClassName=ÎČŅđĩįÔī Member=Component P2 +5V
Added Member To Class: ClassName=ÎČŅđĩįÔī Member=Component P3 Header 2
Added Member To Class: ClassName=ÎČŅđĩįÔī Member=Component P4 Header 2
Added Member To Class: ClassName=ÎČŅđĩįÔī Member=Component P5 -12V
Added Member To Class: ClassName=ÎČŅđĩįÔī Member=Component P6 -5V
Added Member To Class: ClassName=ÎČŅđĩįÔī Member=Component T1 Trans3
Added Room: Name=ÎČŅđĩįÔī
